{"name": "Check Login with different Credentials -- @1.1 Credentials", "status": "broken", "statusDetails": {"message": "selenium.common.exceptions.NoSuchElementException: Message: no such element: Unable to locate element: {\"method\":\"xpath\",\"selector\":\"//h1[contains(., 'Dashboard')]\"}\n  (Session info: chrome=114.0.5735.198); For documentation on this error, please visit: https://www.selenium.dev/documentation/webdriver/troubleshooting/errors#no-such-element-exception\nStacktrace:\n0   chromedriver                        0x00000001029ebf48 chromedriver + 4226888\n1   chromedriver                        0x00000001029e44f4 chromedriver + 4195572\n2   chromedriver                        0x0000000102628d68 chromedriver + 281960\n3   chromedriver                        0x0000000102663fc8 chromedriver + 524232\n4   chromedriver                        0x000000010269ac58 chromedriver + 748632\n5   chromedriver                        0x0000000102657f1c chromedriver + 474908\n6   chromedriver                        0x0000000102658ef4 chromedriver + 478964\n7   chromedriver                        0x00000001029ad59c chromedriver + 3970460\n8   chromedriver                        0x00000001029b16f0 chromedriver + 3987184\n9   chromedriver                        0x00000001029b75b4 chromedriver + 4011444\n10  chromedriver                        0x00000001029b22fc chromedriver + 3990268\n11  chromedriver                        0x000000010298a1c0 chromedriver + 3826112\n12  chromedriver                        0x00000001029ce088 chromedriver + 4104328\n13  chromedriver                        0x00000001029ce1e0 chromedriver + 4104672\n14  chromedriver                        0x00000001029ddf28 chromedriver + 4169512\n15  libsystem_pthread.dylib             0x00000001890e7fa8 _pthread_start + 148\n16  libsystem_pthread.dylib             0x00000001890e2da0 thread_start + 8\n\n", "trace": "  File \"/Users/vignesh/PycharmProjects/BDD_Framework/venv/lib/python3.9/site-packages/behave/model.py\", line 1329, in run\n    match.run(runner.context)\n  File \"/Users/vignesh/PycharmProjects/BDD_Framework/venv/lib/python3.9/site-packages/behave/matchers.py\", line 98, in run\n    self.func(context, *args, **kwargs)\n  File \"features/steps/login_diff_creds.py\", line 52, in step_impl\n    if (CommonMethods.find_element(context.driver, dashboard_string)).size != 0:\n  File \"/Users/vignesh/PycharmProjects/BDD_Framework/Helpers/common_methods.py\", line 11, in find_element\n    return driver.find_element(list(locator.keys())[0], list(locator.values())[0])\n  File \"/Users/vignesh/PycharmProjects/BDD_Framework/venv/lib/python3.9/site-packages/selenium/webdriver/remote/webdriver.py\", line 740, in find_element\n    return self.execute(Command.FIND_ELEMENT, {\"using\": by, \"value\": value})[\"value\"]\n  File \"/Users/vignesh/PycharmProjects/BDD_Framework/venv/lib/python3.9/site-packages/selenium/webdriver/remote/webdriver.py\", line 346, in execute\n    self.error_handler.check_response(response)\n  File \"/Users/vignesh/PycharmProjects/BDD_Framework/venv/lib/python3.9/site-packages/selenium/webdriver/remote/errorhandler.py\", line 245, in check_response\n    raise exception_class(message, screen, stacktrace)\n"}, "steps": [{"name": "When user enters \"gvigne22@ford.com\" and \"Ford@2023!\"", "status": "passed", "steps": [{"name": "Log (INFO) Email field is located", "status": "passed", "start": 1688919758565, "stop": 1688919758565}, {"name": "Log (INFO) Password field is located", "status": "passed", "start": 1688919758570, "stop": 1688919758570}, {"name": "Log (INFO) <selenium.webdriver.remote.webelement.WebElement (session=\"97de3949c13a8ffd57a8cad2d4e1012a\", element=\"621B8FC874A2D727855073D3E378D08E_element_2\")>", "status": "passed", "start": 1688919758574, "stop": 1688919758574}, {"name": "Log (INFO) The text obtained is ", "status": "passed", "start": 1688919758580, "stop": 1688919758580}, {"name": "Log (INFO) ", "status": "passed", "start": 1688919758584, "stop": 1688919758584}, {"name": "Log (INFO) Entered text is gvigne22@ford.com in locator: <selenium.webdriver.remote.webelement.WebElement (session=\"97de3949c13a8ffd57a8cad2d4e1012a\", element=\"621B8FC874A2D727855073D3E378D08E_element_2\")>", "status": "passed", "start": 1688919758584, "stop": 1688919758584}, {"name": "Log (INFO) <selenium.webdriver.remote.webelement.WebElement (session=\"97de3949c13a8ffd57a8cad2d4e1012a\", element=\"621B8FC874A2D727855073D3E378D08E_element_4\")>", "status": "passed", "start": 1688919763678, "stop": 1688919763678}, {"name": "Log (INFO) The text obtained is ", "status": "passed", "start": 1688919763682, "stop": 1688919763682}, {"name": "Log (INFO) ", "status": "passed", "start": 1688919763686, "stop": 1688919763686}, {"name": "Log (INFO) Entered text is Ford@2023! in locator: <selenium.webdriver.remote.webelement.WebElement (session=\"97de3949c13a8ffd57a8cad2d4e1012a\", element=\"621B8FC874A2D727855073D3E378D08E_element_4\")>", "status": "passed", "start": 1688919763686, "stop": 1688919763686}, {"name": "Log (INFO) Submit button clicked", "status": "passed", "start": 1688919768730, "stop": 1688919768730}], "start": 1688919753546, "stop": 1688919773768}, {"name": "Then login activities should take place", "status": "broken", "statusDetails": {"message": "selenium.common.exceptions.NoSuchElementException: Message: no such element: Unable to locate element: {\"method\":\"xpath\",\"selector\":\"//h1[contains(., 'Dashboard')]\"}\n  (Session info: chrome=114.0.5735.198); For documentation on this error, please visit: https://www.selenium.dev/documentation/webdriver/troubleshooting/errors#no-such-element-exception\nStacktrace:\n0   chromedriver                        0x00000001029ebf48 chromedriver + 4226888\n1   chromedriver                        0x00000001029e44f4 chromedriver + 4195572\n2   chromedriver                        0x0000000102628d68 chromedriver + 281960\n3   chromedriver                        0x0000000102663fc8 chromedriver + 524232\n4   chromedriver                        0x000000010269ac58 chromedriver + 748632\n5   chromedriver                        0x0000000102657f1c chromedriver + 474908\n6   chromedriver                        0x0000000102658ef4 chromedriver + 478964\n7   chromedriver                        0x00000001029ad59c chromedriver + 3970460\n8   chromedriver                        0x00000001029b16f0 chromedriver + 3987184\n9   chromedriver                        0x00000001029b75b4 chromedriver + 4011444\n10  chromedriver                        0x00000001029b22fc chromedriver + 3990268\n11  chromedriver                        0x000000010298a1c0 chromedriver + 3826112\n12  chromedriver                        0x00000001029ce088 chromedriver + 4104328\n13  chromedriver                        0x00000001029ce1e0 chromedriver + 4104672\n14  chromedriver                        0x00000001029ddf28 chromedriver + 4169512\n15  libsystem_pthread.dylib             0x00000001890e7fa8 _pthread_start + 148\n16  libsystem_pthread.dylib             0x00000001890e2da0 thread_start + 8\n\n", "trace": "  File \"/Users/vignesh/PycharmProjects/BDD_Framework/venv/lib/python3.9/site-packages/behave/model.py\", line 1329, in run\n    match.run(runner.context)\n  File \"/Users/vignesh/PycharmProjects/BDD_Framework/venv/lib/python3.9/site-packages/behave/matchers.py\", line 98, in run\n    self.func(context, *args, **kwargs)\n  File \"features/steps/login_diff_creds.py\", line 52, in step_impl\n    if (CommonMethods.find_element(context.driver, dashboard_string)).size != 0:\n  File \"/Users/vignesh/PycharmProjects/BDD_Framework/Helpers/common_methods.py\", line 11, in find_element\n    return driver.find_element(list(locator.keys())[0], list(locator.values())[0])\n  File \"/Users/vignesh/PycharmProjects/BDD_Framework/venv/lib/python3.9/site-packages/selenium/webdriver/remote/webdriver.py\", line 740, in find_element\n    return self.execute(Command.FIND_ELEMENT, {\"using\": by, \"value\": value})[\"value\"]\n  File \"/Users/vignesh/PycharmProjects/BDD_Framework/venv/lib/python3.9/site-packages/selenium/webdriver/remote/webdriver.py\", line 346, in execute\n    self.error_handler.check_response(response)\n  File \"/Users/vignesh/PycharmProjects/BDD_Framework/venv/lib/python3.9/site-packages/selenium/webdriver/remote/errorhandler.py\", line 245, in check_response\n    raise exception_class(message, screen, stacktrace)\n"}, "start": 1688919773770, "stop": 1688919783792}], "parameters": [{"name": "username", "value": "gvigne22@ford.com"}, {"name": "password", "value": "Ford@2023!"}], "start": 1688919753546, "stop": 1688919783792, "uuid": "21a09932-a5b6-41aa-a39d-b66c4c6b7001", "historyId": "f4fc46a2e50651db516bc2517c1898d8", "fullName": "Check different Login combinations: Check Login with different Credentials", "labels": [{"name": "severity", "value": "normal"}, {"name": "tag", "value": "outline"}, {"name": "feature", "value": "Check different Login combinations"}, {"name": "framework", "value": "behave"}, {"name": "language", "value": "cpython3"}]}