{"uid":"2c7702d9415536e9","name":"Check Login with different Credentials -- @1.1 Credentials","fullName":"Check different Login combinations: Check Login with different Credentials","historyId":"f4fc46a2e50651db516bc2517c1898d8","time":{"start":1688919323734,"stop":1688919353967,"duration":30233},"status":"broken","statusMessage":"selenium.common.exceptions.NoSuchElementException: Message: no such element: Unable to locate element: {\"method\":\"xpath\",\"selector\":\"//h1[contains(., 'Dashboard')]\"}\n  (Session info: chrome=114.0.5735.198); For documentation on this error, please visit: https://www.selenium.dev/documentation/webdriver/troubleshooting/errors#no-such-element-exception\nStacktrace:\n0   chromedriver                        0x00000001025abf48 chromedriver + 4226888\n1   chromedriver                        0x00000001025a44f4 chromedriver + 4195572\n2   chromedriver                        0x00000001021e8d68 chromedriver + 281960\n3   chromedriver                        0x0000000102223fc8 chromedriver + 524232\n4   chromedriver                        0x000000010225ac58 chromedriver + 748632\n5   chromedriver                        0x0000000102217f1c chromedriver + 474908\n6   chromedriver                        0x0000000102218ef4 chromedriver + 478964\n7   chromedriver                        0x000000010256d59c chromedriver + 3970460\n8   chromedriver                        0x00000001025716f0 chromedriver + 3987184\n9   chromedriver                        0x00000001025775b4 chromedriver + 4011444\n10  chromedriver                        0x00000001025722fc chromedriver + 3990268\n11  chromedriver                        0x000000010254a1c0 chromedriver + 3826112\n12  chromedriver                        0x000000010258e088 chromedriver + 4104328\n13  chromedriver                        0x000000010258e1e0 chromedriver + 4104672\n14  chromedriver                        0x000000010259df28 chromedriver + 4169512\n15  libsystem_pthread.dylib             0x00000001890e7fa8 _pthread_start + 148\n16  libsystem_pthread.dylib             0x00000001890e2da0 thread_start + 8\n\n","statusTrace":"  File \"/Users/vignesh/PycharmProjects/BDD_Framework/venv/lib/python3.9/site-packages/behave/model.py\", line 1329, in run\n    match.run(runner.context)\n  File \"/Users/vignesh/PycharmProjects/BDD_Framework/venv/lib/python3.9/site-packages/behave/matchers.py\", line 98, in run\n    self.func(context, *args, **kwargs)\n  File \"features/steps/login_diff_creds.py\", line 51, in step_impl\n    if CommonMethods.find_element(context.driver, dashboard_string):\n  File \"/Users/vignesh/PycharmProjects/BDD_Framework/Helpers/common_methods.py\", line 11, in find_element\n    return driver.find_element(list(locator.keys())[0], list(locator.values())[0])\n  File \"/Users/vignesh/PycharmProjects/BDD_Framework/venv/lib/python3.9/site-packages/selenium/webdriver/remote/webdriver.py\", line 740, in find_element\n    return self.execute(Command.FIND_ELEMENT, {\"using\": by, \"value\": value})[\"value\"]\n  File \"/Users/vignesh/PycharmProjects/BDD_Framework/venv/lib/python3.9/site-packages/selenium/webdriver/remote/webdriver.py\", line 346, in execute\n    self.error_handler.check_response(response)\n  File \"/Users/vignesh/PycharmProjects/BDD_Framework/venv/lib/python3.9/site-packages/selenium/webdriver/remote/errorhandler.py\", line 245, in check_response\n    raise exception_class(message, screen, stacktrace)\n","flaky":false,"newFailed":false,"newBroken":false,"newPassed":false,"retriesCount":0,"retriesStatusChange":false,"beforeStages":[],"testStage":{"status":"broken","statusMessage":"selenium.common.exceptions.NoSuchElementException: Message: no such element: Unable to locate element: {\"method\":\"xpath\",\"selector\":\"//h1[contains(., 'Dashboard')]\"}\n  (Session info: chrome=114.0.5735.198); For documentation on this error, please visit: https://www.selenium.dev/documentation/webdriver/troubleshooting/errors#no-such-element-exception\nStacktrace:\n0   chromedriver                        0x00000001025abf48 chromedriver + 4226888\n1   chromedriver                        0x00000001025a44f4 chromedriver + 4195572\n2   chromedriver                        0x00000001021e8d68 chromedriver + 281960\n3   chromedriver                        0x0000000102223fc8 chromedriver + 524232\n4   chromedriver                        0x000000010225ac58 chromedriver + 748632\n5   chromedriver                        0x0000000102217f1c chromedriver + 474908\n6   chromedriver                        0x0000000102218ef4 chromedriver + 478964\n7   chromedriver                        0x000000010256d59c chromedriver + 3970460\n8   chromedriver                        0x00000001025716f0 chromedriver + 3987184\n9   chromedriver                        0x00000001025775b4 chromedriver + 4011444\n10  chromedriver                        0x00000001025722fc chromedriver + 3990268\n11  chromedriver                        0x000000010254a1c0 chromedriver + 3826112\n12  chromedriver                        0x000000010258e088 chromedriver + 4104328\n13  chromedriver                        0x000000010258e1e0 chromedriver + 4104672\n14  chromedriver                        0x000000010259df28 chromedriver + 4169512\n15  libsystem_pthread.dylib             0x00000001890e7fa8 _pthread_start + 148\n16  libsystem_pthread.dylib             0x00000001890e2da0 thread_start + 8\n\n","statusTrace":"  File \"/Users/vignesh/PycharmProjects/BDD_Framework/venv/lib/python3.9/site-packages/behave/model.py\", line 1329, in run\n    match.run(runner.context)\n  File \"/Users/vignesh/PycharmProjects/BDD_Framework/venv/lib/python3.9/site-packages/behave/matchers.py\", line 98, in run\n    self.func(context, *args, **kwargs)\n  File \"features/steps/login_diff_creds.py\", line 51, in step_impl\n    if CommonMethods.find_element(context.driver, dashboard_string):\n  File \"/Users/vignesh/PycharmProjects/BDD_Framework/Helpers/common_methods.py\", line 11, in find_element\n    return driver.find_element(list(locator.keys())[0], list(locator.values())[0])\n  File \"/Users/vignesh/PycharmProjects/BDD_Framework/venv/lib/python3.9/site-packages/selenium/webdriver/remote/webdriver.py\", line 740, in find_element\n    return self.execute(Command.FIND_ELEMENT, {\"using\": by, \"value\": value})[\"value\"]\n  File \"/Users/vignesh/PycharmProjects/BDD_Framework/venv/lib/python3.9/site-packages/selenium/webdriver/remote/webdriver.py\", line 346, in execute\n    self.error_handler.check_response(response)\n  File \"/Users/vignesh/PycharmProjects/BDD_Framework/venv/lib/python3.9/site-packages/selenium/webdriver/remote/errorhandler.py\", line 245, in check_response\n    raise exception_class(message, screen, stacktrace)\n","steps":[{"name":"When user enters \"gvigne22@ford.com\" and \"Ford@2023!\"","time":{"start":1688919323735,"stop":1688919343942,"duration":20207},"status":"passed","steps":[{"name":"Log (INFO) Email field is located","time":{"start":1688919328753,"stop":1688919328753,"duration":0},"status":"passed","steps":[],"attachments":[],"parameters":[],"hasContent":false,"stepsCount":0,"attachmentsCount":0,"shouldDisplayMessage":false},{"name":"Log (INFO) Password field is located","time":{"start":1688919328759,"stop":1688919328759,"duration":0},"status":"passed","steps":[],"attachments":[],"parameters":[],"hasContent":false,"stepsCount":0,"attachmentsCount":0,"shouldDisplayMessage":false},{"name":"Log (INFO) <selenium.webdriver.remote.webelement.WebElement (session=\"7498dab3fcedc9fffce2a7dd79b1b9d8\", element=\"099B88F96B1C1482C8BF90CA117134BD_element_2\")>","time":{"start":1688919328762,"stop":1688919328762,"duration":0},"status":"passed","steps":[],"attachments":[],"parameters":[],"hasContent":false,"stepsCount":0,"attachmentsCount":0,"shouldDisplayMessage":false},{"name":"Log (INFO) The text obtained is ","time":{"start":1688919328768,"stop":1688919328768,"duration":0},"status":"passed","steps":[],"attachments":[],"parameters":[],"hasContent":false,"stepsCount":0,"attachmentsCount":0,"shouldDisplayMessage":false},{"name":"Log (INFO) ","time":{"start":1688919328771,"stop":1688919328771,"duration":0},"status":"passed","steps":[],"attachments":[],"parameters":[],"hasContent":false,"stepsCount":0,"attachmentsCount":0,"shouldDisplayMessage":false},{"name":"Log (INFO) Entered text is gvigne22@ford.com in locator: <selenium.webdriver.remote.webelement.WebElement (session=\"7498dab3fcedc9fffce2a7dd79b1b9d8\", element=\"099B88F96B1C1482C8BF90CA117134BD_element_2\")>","time":{"start":1688919328772,"stop":1688919328772,"duration":0},"status":"passed","steps":[],"attachments":[],"parameters":[],"hasContent":false,"stepsCount":0,"attachmentsCount":0,"shouldDisplayMessage":false},{"name":"Log (INFO) <selenium.webdriver.remote.webelement.WebElement (session=\"7498dab3fcedc9fffce2a7dd79b1b9d8\", element=\"099B88F96B1C1482C8BF90CA117134BD_element_3\")>","time":{"start":1688919333868,"stop":1688919333868,"duration":0},"status":"passed","steps":[],"attachments":[],"parameters":[],"hasContent":false,"stepsCount":0,"attachmentsCount":0,"shouldDisplayMessage":false},{"name":"Log (INFO) The text obtained is ","time":{"start":1688919333872,"stop":1688919333872,"duration":0},"status":"passed","steps":[],"attachments":[],"parameters":[],"hasContent":false,"stepsCount":0,"attachmentsCount":0,"shouldDisplayMessage":false},{"name":"Log (INFO) ","time":{"start":1688919333876,"stop":1688919333876,"duration":0},"status":"passed","steps":[],"attachments":[],"parameters":[],"hasContent":false,"stepsCount":0,"attachmentsCount":0,"shouldDisplayMessage":false},{"name":"Log (INFO) Entered text is Ford@2023! in locator: <selenium.webdriver.remote.webelement.WebElement (session=\"7498dab3fcedc9fffce2a7dd79b1b9d8\", element=\"099B88F96B1C1482C8BF90CA117134BD_element_3\")>","time":{"start":1688919333876,"stop":1688919333876,"duration":0},"status":"passed","steps":[],"attachments":[],"parameters":[],"hasContent":false,"stepsCount":0,"attachmentsCount":0,"shouldDisplayMessage":false},{"name":"Log (INFO) Submit button clicked","time":{"start":1688919338918,"stop":1688919338919,"duration":1},"status":"passed","steps":[],"attachments":[],"parameters":[],"hasContent":false,"stepsCount":0,"attachmentsCount":0,"shouldDisplayMessage":false}],"attachments":[],"parameters":[],"hasContent":true,"stepsCount":11,"attachmentsCount":0,"shouldDisplayMessage":false},{"name":"Then login activities should take place","time":{"start":1688919343944,"stop":1688919353967,"duration":10023},"status":"broken","statusMessage":"selenium.common.exceptions.NoSuchElementException: Message: no such element: Unable to locate element: {\"method\":\"xpath\",\"selector\":\"//h1[contains(., 'Dashboard')]\"}\n  (Session info: chrome=114.0.5735.198); For documentation on this error, please visit: https://www.selenium.dev/documentation/webdriver/troubleshooting/errors#no-such-element-exception\nStacktrace:\n0   chromedriver                        0x00000001025abf48 chromedriver + 4226888\n1   chromedriver                        0x00000001025a44f4 chromedriver + 4195572\n2   chromedriver                        0x00000001021e8d68 chromedriver + 281960\n3   chromedriver                        0x0000000102223fc8 chromedriver + 524232\n4   chromedriver                        0x000000010225ac58 chromedriver + 748632\n5   chromedriver                        0x0000000102217f1c chromedriver + 474908\n6   chromedriver                        0x0000000102218ef4 chromedriver + 478964\n7   chromedriver                        0x000000010256d59c chromedriver + 3970460\n8   chromedriver                        0x00000001025716f0 chromedriver + 3987184\n9   chromedriver                        0x00000001025775b4 chromedriver + 4011444\n10  chromedriver                        0x00000001025722fc chromedriver + 3990268\n11  chromedriver                        0x000000010254a1c0 chromedriver + 3826112\n12  chromedriver                        0x000000010258e088 chromedriver + 4104328\n13  chromedriver                        0x000000010258e1e0 chromedriver + 4104672\n14  chromedriver                        0x000000010259df28 chromedriver + 4169512\n15  libsystem_pthread.dylib             0x00000001890e7fa8 _pthread_start + 148\n16  libsystem_pthread.dylib             0x00000001890e2da0 thread_start + 8\n\n","statusTrace":"  File \"/Users/vignesh/PycharmProjects/BDD_Framework/venv/lib/python3.9/site-packages/behave/model.py\", line 1329, in run\n    match.run(runner.context)\n  File \"/Users/vignesh/PycharmProjects/BDD_Framework/venv/lib/python3.9/site-packages/behave/matchers.py\", line 98, in run\n    self.func(context, *args, **kwargs)\n  File \"features/steps/login_diff_creds.py\", line 51, in step_impl\n    if CommonMethods.find_element(context.driver, dashboard_string):\n  File \"/Users/vignesh/PycharmProjects/BDD_Framework/Helpers/common_methods.py\", line 11, in find_element\n    return driver.find_element(list(locator.keys())[0], list(locator.values())[0])\n  File \"/Users/vignesh/PycharmProjects/BDD_Framework/venv/lib/python3.9/site-packages/selenium/webdriver/remote/webdriver.py\", line 740, in find_element\n    return self.execute(Command.FIND_ELEMENT, {\"using\": by, \"value\": value})[\"value\"]\n  File \"/Users/vignesh/PycharmProjects/BDD_Framework/venv/lib/python3.9/site-packages/selenium/webdriver/remote/webdriver.py\", line 346, in execute\n    self.error_handler.check_response(response)\n  File \"/Users/vignesh/PycharmProjects/BDD_Framework/venv/lib/python3.9/site-packages/selenium/webdriver/remote/errorhandler.py\", line 245, in check_response\n    raise exception_class(message, screen, stacktrace)\n","steps":[],"attachments":[],"parameters":[],"hasContent":true,"stepsCount":0,"attachmentsCount":0,"shouldDisplayMessage":true}],"attachments":[],"parameters":[],"hasContent":true,"stepsCount":13,"attachmentsCount":0,"shouldDisplayMessage":false},"afterStages":[],"labels":[{"name":"severity","value":"normal"},{"name":"tag","value":"outline"},{"name":"feature","value":"Check different Login combinations"},{"name":"framework","value":"behave"},{"name":"language","value":"cpython3"},{"name":"resultFormat","value":"allure2"}],"parameters":[{"name":"password","value":"Ford@2023!"},{"name":"username","value":"gvigne22@ford.com"}],"links":[],"hidden":true,"retry":true,"extra":{"categories":[],"tags":["outline"]},"source":"2c7702d9415536e9.json","parameterValues":["Ford@2023!","gvigne22@ford.com"]}