{"uid":"7e983efa5dfe993c","name":"Check Login with different Credentials -- @1.1 Credentials","fullName":"Check different Login combinations: Check Login with different Credentials","historyId":"f4fc46a2e50651db516bc2517c1898d8","time":{"start":1688919577953,"stop":1688919608198,"duration":30245},"status":"broken","statusMessage":"selenium.common.exceptions.NoSuchElementException: Message: no such element: Unable to locate element: {\"method\":\"xpath\",\"selector\":\"//h1[contains(., 'Dashboard')]\"}\n  (Session info: chrome=114.0.5735.198); For documentation on this error, please visit: https://www.selenium.dev/documentation/webdriver/troubleshooting/errors#no-such-element-exception\nStacktrace:\n0   chromedriver                        0x000000010326ff48 chromedriver + 4226888\n1   chromedriver                        0x00000001032684f4 chromedriver + 4195572\n2   chromedriver                        0x0000000102eacd68 chromedriver + 281960\n3   chromedriver                        0x0000000102ee7fc8 chromedriver + 524232\n4   chromedriver                        0x0000000102f1ec58 chromedriver + 748632\n5   chromedriver                        0x0000000102edbf1c chromedriver + 474908\n6   chromedriver                        0x0000000102edcef4 chromedriver + 478964\n7   chromedriver                        0x000000010323159c chromedriver + 3970460\n8   chromedriver                        0x00000001032356f0 chromedriver + 3987184\n9   chromedriver                        0x000000010323b5b4 chromedriver + 4011444\n10  chromedriver                        0x00000001032362fc chromedriver + 3990268\n11  chromedriver                        0x000000010320e1c0 chromedriver + 3826112\n12  chromedriver                        0x0000000103252088 chromedriver + 4104328\n13  chromedriver                        0x00000001032521e0 chromedriver + 4104672\n14  chromedriver                        0x0000000103261f28 chromedriver + 4169512\n15  libsystem_pthread.dylib             0x00000001890e7fa8 _pthread_start + 148\n16  libsystem_pthread.dylib             0x00000001890e2da0 thread_start + 8\n\n","statusTrace":"  File \"/Users/vignesh/PycharmProjects/BDD_Framework/venv/lib/python3.9/site-packages/behave/model.py\", line 1329, in run\n    match.run(runner.context)\n  File \"/Users/vignesh/PycharmProjects/BDD_Framework/venv/lib/python3.9/site-packages/behave/matchers.py\", line 98, in run\n    self.func(context, *args, **kwargs)\n  File \"features/steps/login_diff_creds.py\", line 51, in step_impl\n    print(dashboard_string)\n  File \"/Users/vignesh/PycharmProjects/BDD_Framework/Helpers/common_methods.py\", line 11, in find_element\n    return driver.find_element(list(locator.keys())[0], list(locator.values())[0])\n  File \"/Users/vignesh/PycharmProjects/BDD_Framework/venv/lib/python3.9/site-packages/selenium/webdriver/remote/webdriver.py\", line 740, in find_element\n    return self.execute(Command.FIND_ELEMENT, {\"using\": by, \"value\": value})[\"value\"]\n  File \"/Users/vignesh/PycharmProjects/BDD_Framework/venv/lib/python3.9/site-packages/selenium/webdriver/remote/webdriver.py\", line 346, in execute\n    self.error_handler.check_response(response)\n  File \"/Users/vignesh/PycharmProjects/BDD_Framework/venv/lib/python3.9/site-packages/selenium/webdriver/remote/errorhandler.py\", line 245, in check_response\n    raise exception_class(message, screen, stacktrace)\n","flaky":false,"newFailed":false,"newBroken":false,"newPassed":false,"retriesCount":0,"retriesStatusChange":false,"beforeStages":[],"testStage":{"status":"broken","statusMessage":"selenium.common.exceptions.NoSuchElementException: Message: no such element: Unable to locate element: {\"method\":\"xpath\",\"selector\":\"//h1[contains(., 'Dashboard')]\"}\n  (Session info: chrome=114.0.5735.198); For documentation on this error, please visit: https://www.selenium.dev/documentation/webdriver/troubleshooting/errors#no-such-element-exception\nStacktrace:\n0   chromedriver                        0x000000010326ff48 chromedriver + 4226888\n1   chromedriver                        0x00000001032684f4 chromedriver + 4195572\n2   chromedriver                        0x0000000102eacd68 chromedriver + 281960\n3   chromedriver                        0x0000000102ee7fc8 chromedriver + 524232\n4   chromedriver                        0x0000000102f1ec58 chromedriver + 748632\n5   chromedriver                        0x0000000102edbf1c chromedriver + 474908\n6   chromedriver                        0x0000000102edcef4 chromedriver + 478964\n7   chromedriver                        0x000000010323159c chromedriver + 3970460\n8   chromedriver                        0x00000001032356f0 chromedriver + 3987184\n9   chromedriver                        0x000000010323b5b4 chromedriver + 4011444\n10  chromedriver                        0x00000001032362fc chromedriver + 3990268\n11  chromedriver                        0x000000010320e1c0 chromedriver + 3826112\n12  chromedriver                        0x0000000103252088 chromedriver + 4104328\n13  chromedriver                        0x00000001032521e0 chromedriver + 4104672\n14  chromedriver                        0x0000000103261f28 chromedriver + 4169512\n15  libsystem_pthread.dylib             0x00000001890e7fa8 _pthread_start + 148\n16  libsystem_pthread.dylib             0x00000001890e2da0 thread_start + 8\n\n","statusTrace":"  File \"/Users/vignesh/PycharmProjects/BDD_Framework/venv/lib/python3.9/site-packages/behave/model.py\", line 1329, in run\n    match.run(runner.context)\n  File \"/Users/vignesh/PycharmProjects/BDD_Framework/venv/lib/python3.9/site-packages/behave/matchers.py\", line 98, in run\n    self.func(context, *args, **kwargs)\n  File \"features/steps/login_diff_creds.py\", line 51, in step_impl\n    print(dashboard_string)\n  File \"/Users/vignesh/PycharmProjects/BDD_Framework/Helpers/common_methods.py\", line 11, in find_element\n    return driver.find_element(list(locator.keys())[0], list(locator.values())[0])\n  File \"/Users/vignesh/PycharmProjects/BDD_Framework/venv/lib/python3.9/site-packages/selenium/webdriver/remote/webdriver.py\", line 740, in find_element\n    return self.execute(Command.FIND_ELEMENT, {\"using\": by, \"value\": value})[\"value\"]\n  File \"/Users/vignesh/PycharmProjects/BDD_Framework/venv/lib/python3.9/site-packages/selenium/webdriver/remote/webdriver.py\", line 346, in execute\n    self.error_handler.check_response(response)\n  File \"/Users/vignesh/PycharmProjects/BDD_Framework/venv/lib/python3.9/site-packages/selenium/webdriver/remote/errorhandler.py\", line 245, in check_response\n    raise exception_class(message, screen, stacktrace)\n","steps":[{"name":"When user enters \"gvigne22@ford.com\" and \"Ford@2023!\"","time":{"start":1688919577954,"stop":1688919598177,"duration":20223},"status":"passed","steps":[{"name":"Log (INFO) Email field is located","time":{"start":1688919582971,"stop":1688919582971,"duration":0},"status":"passed","steps":[],"attachments":[],"parameters":[],"hasContent":false,"stepsCount":0,"attachmentsCount":0,"shouldDisplayMessage":false},{"name":"Log (INFO) Password field is located","time":{"start":1688919582976,"stop":1688919582976,"duration":0},"status":"passed","steps":[],"attachments":[],"parameters":[],"hasContent":false,"stepsCount":0,"attachmentsCount":0,"shouldDisplayMessage":false},{"name":"Log (INFO) <selenium.webdriver.remote.webelement.WebElement (session=\"bcd932341a74d94937192527506c33ef\", element=\"F71159C5BA6ACDECC871766C08F67D06_element_3\")>","time":{"start":1688919582980,"stop":1688919582980,"duration":0},"status":"passed","steps":[],"attachments":[],"parameters":[],"hasContent":false,"stepsCount":0,"attachmentsCount":0,"shouldDisplayMessage":false},{"name":"Log (INFO) The text obtained is ","time":{"start":1688919582986,"stop":1688919582986,"duration":0},"status":"passed","steps":[],"attachments":[],"parameters":[],"hasContent":false,"stepsCount":0,"attachmentsCount":0,"shouldDisplayMessage":false},{"name":"Log (INFO) ","time":{"start":1688919582990,"stop":1688919582990,"duration":0},"status":"passed","steps":[],"attachments":[],"parameters":[],"hasContent":false,"stepsCount":0,"attachmentsCount":0,"shouldDisplayMessage":false},{"name":"Log (INFO) Entered text is gvigne22@ford.com in locator: <selenium.webdriver.remote.webelement.WebElement (session=\"bcd932341a74d94937192527506c33ef\", element=\"F71159C5BA6ACDECC871766C08F67D06_element_3\")>","time":{"start":1688919582990,"stop":1688919582990,"duration":0},"status":"passed","steps":[],"attachments":[],"parameters":[],"hasContent":false,"stepsCount":0,"attachmentsCount":0,"shouldDisplayMessage":false},{"name":"Log (INFO) <selenium.webdriver.remote.webelement.WebElement (session=\"bcd932341a74d94937192527506c33ef\", element=\"F71159C5BA6ACDECC871766C08F67D06_element_2\")>","time":{"start":1688919588096,"stop":1688919588096,"duration":0},"status":"passed","steps":[],"attachments":[],"parameters":[],"hasContent":false,"stepsCount":0,"attachmentsCount":0,"shouldDisplayMessage":false},{"name":"Log (INFO) The text obtained is ","time":{"start":1688919588099,"stop":1688919588099,"duration":0},"status":"passed","steps":[],"attachments":[],"parameters":[],"hasContent":false,"stepsCount":0,"attachmentsCount":0,"shouldDisplayMessage":false},{"name":"Log (INFO) ","time":{"start":1688919588103,"stop":1688919588103,"duration":0},"status":"passed","steps":[],"attachments":[],"parameters":[],"hasContent":false,"stepsCount":0,"attachmentsCount":0,"shouldDisplayMessage":false},{"name":"Log (INFO) Entered text is Ford@2023! in locator: <selenium.webdriver.remote.webelement.WebElement (session=\"bcd932341a74d94937192527506c33ef\", element=\"F71159C5BA6ACDECC871766C08F67D06_element_2\")>","time":{"start":1688919588103,"stop":1688919588103,"duration":0},"status":"passed","steps":[],"attachments":[],"parameters":[],"hasContent":false,"stepsCount":0,"attachmentsCount":0,"shouldDisplayMessage":false},{"name":"Log (INFO) Submit button clicked","time":{"start":1688919593146,"stop":1688919593146,"duration":0},"status":"passed","steps":[],"attachments":[],"parameters":[],"hasContent":false,"stepsCount":0,"attachmentsCount":0,"shouldDisplayMessage":false}],"attachments":[],"parameters":[],"hasContent":true,"stepsCount":11,"attachmentsCount":0,"shouldDisplayMessage":false},{"name":"Then login activities should take place","time":{"start":1688919598178,"stop":1688919608198,"duration":10020},"status":"broken","statusMessage":"selenium.common.exceptions.NoSuchElementException: Message: no such element: Unable to locate element: {\"method\":\"xpath\",\"selector\":\"//h1[contains(., 'Dashboard')]\"}\n  (Session info: chrome=114.0.5735.198); For documentation on this error, please visit: https://www.selenium.dev/documentation/webdriver/troubleshooting/errors#no-such-element-exception\nStacktrace:\n0   chromedriver                        0x000000010326ff48 chromedriver + 4226888\n1   chromedriver                        0x00000001032684f4 chromedriver + 4195572\n2   chromedriver                        0x0000000102eacd68 chromedriver + 281960\n3   chromedriver                        0x0000000102ee7fc8 chromedriver + 524232\n4   chromedriver                        0x0000000102f1ec58 chromedriver + 748632\n5   chromedriver                        0x0000000102edbf1c chromedriver + 474908\n6   chromedriver                        0x0000000102edcef4 chromedriver + 478964\n7   chromedriver                        0x000000010323159c chromedriver + 3970460\n8   chromedriver                        0x00000001032356f0 chromedriver + 3987184\n9   chromedriver                        0x000000010323b5b4 chromedriver + 4011444\n10  chromedriver                        0x00000001032362fc chromedriver + 3990268\n11  chromedriver                        0x000000010320e1c0 chromedriver + 3826112\n12  chromedriver                        0x0000000103252088 chromedriver + 4104328\n13  chromedriver                        0x00000001032521e0 chromedriver + 4104672\n14  chromedriver                        0x0000000103261f28 chromedriver + 4169512\n15  libsystem_pthread.dylib             0x00000001890e7fa8 _pthread_start + 148\n16  libsystem_pthread.dylib             0x00000001890e2da0 thread_start + 8\n\n","statusTrace":"  File \"/Users/vignesh/PycharmProjects/BDD_Framework/venv/lib/python3.9/site-packages/behave/model.py\", line 1329, in run\n    match.run(runner.context)\n  File \"/Users/vignesh/PycharmProjects/BDD_Framework/venv/lib/python3.9/site-packages/behave/matchers.py\", line 98, in run\n    self.func(context, *args, **kwargs)\n  File \"features/steps/login_diff_creds.py\", line 51, in step_impl\n    print(dashboard_string)\n  File \"/Users/vignesh/PycharmProjects/BDD_Framework/Helpers/common_methods.py\", line 11, in find_element\n    return driver.find_element(list(locator.keys())[0], list(locator.values())[0])\n  File \"/Users/vignesh/PycharmProjects/BDD_Framework/venv/lib/python3.9/site-packages/selenium/webdriver/remote/webdriver.py\", line 740, in find_element\n    return self.execute(Command.FIND_ELEMENT, {\"using\": by, \"value\": value})[\"value\"]\n  File \"/Users/vignesh/PycharmProjects/BDD_Framework/venv/lib/python3.9/site-packages/selenium/webdriver/remote/webdriver.py\", line 346, in execute\n    self.error_handler.check_response(response)\n  File \"/Users/vignesh/PycharmProjects/BDD_Framework/venv/lib/python3.9/site-packages/selenium/webdriver/remote/errorhandler.py\", line 245, in check_response\n    raise exception_class(message, screen, stacktrace)\n","steps":[],"attachments":[],"parameters":[],"hasContent":true,"stepsCount":0,"attachmentsCount":0,"shouldDisplayMessage":true}],"attachments":[],"parameters":[],"hasContent":true,"stepsCount":13,"attachmentsCount":0,"shouldDisplayMessage":false},"afterStages":[],"labels":[{"name":"severity","value":"normal"},{"name":"tag","value":"outline"},{"name":"feature","value":"Check different Login combinations"},{"name":"framework","value":"behave"},{"name":"language","value":"cpython3"},{"name":"resultFormat","value":"allure2"}],"parameters":[{"name":"password","value":"Ford@2023!"},{"name":"username","value":"gvigne22@ford.com"}],"links":[],"hidden":true,"retry":true,"extra":{"categories":[],"tags":["outline"]},"source":"7e983efa5dfe993c.json","parameterValues":["Ford@2023!","gvigne22@ford.com"]}