{"uid":"bb37c96302ad127b","name":"Check Login with different Credentials -- @1.2 Credentials","fullName":"Check different Login combinations: Check Login with different Credentials","historyId":"b0a44096fbd99a0fd23cedf6f75a3dcd","time":{"start":1688920131888,"stop":1688920152533,"duration":20645},"status":"passed","flaky":false,"newFailed":false,"newBroken":false,"newPassed":false,"retriesCount":12,"retriesStatusChange":true,"beforeStages":[],"testStage":{"status":"passed","steps":[{"name":"When user enters \"gvigne22@ford.com\" and \"Ford@2022\"","time":{"start":1688920131889,"stop":1688920147508,"duration":15619},"status":"passed","steps":[{"name":"Log (INFO) Email field is located","time":{"start":1688920137389,"stop":1688920137389,"duration":0},"status":"passed","steps":[],"attachments":[],"parameters":[],"hasContent":false,"stepsCount":0,"attachmentsCount":0,"shouldDisplayMessage":false},{"name":"Log (INFO) Password field is located","time":{"start":1688920137392,"stop":1688920137392,"duration":0},"status":"passed","steps":[],"attachments":[],"parameters":[],"hasContent":false,"stepsCount":0,"attachmentsCount":0,"shouldDisplayMessage":false},{"name":"Log (INFO) <selenium.webdriver.remote.webelement.WebElement (session=\"f0465007cb5e85770f41de5d0ffa9dcd\", element=\"275A7A47EFE636D9263AC2CE8A43FDB2_element_31\")>","time":{"start":1688920137395,"stop":1688920137395,"duration":0},"status":"passed","steps":[],"attachments":[],"parameters":[],"hasContent":false,"stepsCount":0,"attachmentsCount":0,"shouldDisplayMessage":false},{"name":"Log (INFO) The text obtained is ","time":{"start":1688920137399,"stop":1688920137399,"duration":0},"status":"passed","steps":[],"attachments":[],"parameters":[],"hasContent":false,"stepsCount":0,"attachmentsCount":0,"shouldDisplayMessage":false},{"name":"Log (INFO) ","time":{"start":1688920137403,"stop":1688920137403,"duration":0},"status":"passed","steps":[],"attachments":[],"parameters":[],"hasContent":false,"stepsCount":0,"attachmentsCount":0,"shouldDisplayMessage":false},{"name":"Log (INFO) Entered text is gvigne22@ford.com in locator: <selenium.webdriver.remote.webelement.WebElement (session=\"f0465007cb5e85770f41de5d0ffa9dcd\", element=\"275A7A47EFE636D9263AC2CE8A43FDB2_element_31\")>","time":{"start":1688920137403,"stop":1688920137403,"duration":0},"status":"passed","steps":[],"attachments":[],"parameters":[],"hasContent":false,"stepsCount":0,"attachmentsCount":0,"shouldDisplayMessage":false},{"name":"Log (INFO) <selenium.webdriver.remote.webelement.WebElement (session=\"f0465007cb5e85770f41de5d0ffa9dcd\", element=\"275A7A47EFE636D9263AC2CE8A43FDB2_element_32\")>","time":{"start":1688920142438,"stop":1688920142438,"duration":0},"status":"passed","steps":[],"attachments":[],"parameters":[],"hasContent":false,"stepsCount":0,"attachmentsCount":0,"shouldDisplayMessage":false},{"name":"Log (INFO) The text obtained is ","time":{"start":1688920142442,"stop":1688920142442,"duration":0},"status":"passed","steps":[],"attachments":[],"parameters":[],"hasContent":false,"stepsCount":0,"attachmentsCount":0,"shouldDisplayMessage":false},{"name":"Log (INFO) ","time":{"start":1688920142446,"stop":1688920142446,"duration":0},"status":"passed","steps":[],"attachments":[],"parameters":[],"hasContent":false,"stepsCount":0,"attachmentsCount":0,"shouldDisplayMessage":false},{"name":"Log (INFO) Entered text is Ford@2022 in locator: <selenium.webdriver.remote.webelement.WebElement (session=\"f0465007cb5e85770f41de5d0ffa9dcd\", element=\"275A7A47EFE636D9263AC2CE8A43FDB2_element_32\")>","time":{"start":1688920142446,"stop":1688920142446,"duration":0},"status":"passed","steps":[],"attachments":[],"parameters":[],"hasContent":false,"stepsCount":0,"attachmentsCount":0,"shouldDisplayMessage":false},{"name":"Log (INFO) Submit button clicked","time":{"start":1688920147487,"stop":1688920147487,"duration":0},"status":"passed","steps":[],"attachments":[],"parameters":[],"hasContent":false,"stepsCount":0,"attachmentsCount":0,"shouldDisplayMessage":false}],"attachments":[],"parameters":[],"hasContent":true,"stepsCount":11,"attachmentsCount":0,"shouldDisplayMessage":false},{"name":"Then login activities should take place","time":{"start":1688920147508,"stop":1688920152533,"duration":5025},"status":"passed","steps":[{"name":"Log (INFO) <selenium.webdriver.remote.webelement.WebElement (session=\"f0465007cb5e85770f41de5d0ffa9dcd\", element=\"275A7A47EFE636D9263AC2CE8A43FDB2_element_36\")>","time":{"start":1688920152525,"stop":1688920152525,"duration":0},"status":"passed","steps":[],"attachments":[],"parameters":[],"hasContent":false,"stepsCount":0,"attachmentsCount":0,"shouldDisplayMessage":false},{"name":"Log (INFO) The text obtained is Your password is incorrect","time":{"start":1688920152529,"stop":1688920152529,"duration":0},"status":"passed","steps":[],"attachments":[],"parameters":[],"hasContent":false,"stepsCount":0,"attachmentsCount":0,"shouldDisplayMessage":false},{"name":"Log (INFO) Your password is incorrect","time":{"start":1688920152533,"stop":1688920152533,"duration":0},"status":"passed","steps":[],"attachments":[],"parameters":[],"hasContent":false,"stepsCount":0,"attachmentsCount":0,"shouldDisplayMessage":false}],"attachments":[],"parameters":[],"hasContent":true,"stepsCount":3,"attachmentsCount":0,"shouldDisplayMessage":false}],"attachments":[],"parameters":[],"hasContent":true,"stepsCount":16,"attachmentsCount":0,"shouldDisplayMessage":false},"afterStages":[],"labels":[{"name":"severity","value":"normal"},{"name":"tag","value":"outline"},{"name":"feature","value":"Check different Login combinations"},{"name":"framework","value":"behave"},{"name":"language","value":"cpython3"},{"name":"resultFormat","value":"allure2"}],"parameters":[{"name":"password","value":"Ford@2022"},{"name":"username","value":"gvigne22@ford.com"}],"links":[],"hidden":false,"retry":false,"extra":{"severity":"normal","retries":[{"uid":"c85bac018d63d78f","status":"broken","statusDetails":"selenium.common.exceptions.NoSuchElementException: Message: no such element: Unable to locate element: {\"method\":\"xpath\",\"selector\":\"//input[@type='email']\"}\n  (Session info: chrome=114.0.5735.198); For documentation on this error, please visit: https://www.selenium.dev/documentation/webdriver/troubleshooting/errors#no-such-element-exception\nStacktrace:\n0   chromedriver                        0x0000000100707f48 chromedriver + 4226888\n1   chromedriver                        0x00000001007004f4 chromedriver + 4195572\n2   chromedriver                        0x0000000100344d68 chromedriver + 281960\n3   chromedriver                        0x000000010037ffc8 chromedriver + 524232\n4   chromedriver                        0x00000001003b6c58 chromedriver + 748632\n5   chromedriver                        0x0000000100373f1c chromedriver + 474908\n6   chromedriver                        0x0000000100374ef4 chromedriver + 478964\n7   chromedriver                        0x00000001006c959c chromedriver + 3970460\n8   chromedriver                        0x00000001006cd6f0 chromedriver + 3987184\n9   chromedriver                        0x00000001006d35b4 chromedriver + 4011444\n10  chromedriver                        0x00000001006ce2fc chromedriver + 3990268\n11  chromedriver                        0x00000001006a61c0 chromedriver + 3826112\n12  chromedriver                        0x00000001006ea088 chromedriver + 4104328\n13  chromedriver                        0x00000001006ea1e0 chromedriver + 4104672\n14  chromedriver                        0x00000001006f9f28 chromedriver + 4169512\n15  libsystem_pthread.dylib             0x00000001890e7fa8 _pthread_start + 148\n16  libsystem_pthread.dylib             0x00000001890e2da0 thread_start + 8\n\n","time":{"start":1688920078922,"stop":1688920084731,"duration":5809}},{"uid":"330b4ca73b740d02","status":"failed","statusDetails":"AssertionError\n","time":{"start":1688919927343,"stop":1688919947493,"duration":20150}},{"uid":"44ec50b8900f634b","status":"broken","statusDetails":"selenium.common.exceptions.NoSuchElementException: Message: no such element: Unable to locate element: {\"method\":\"xpath\",\"selector\":\"//h1[contains(., 'Dashboard')]\"}\n  (Session info: chrome=114.0.5735.198); For documentation on this error, please visit: https://www.selenium.dev/documentation/webdriver/troubleshooting/errors#no-such-element-exception\nStacktrace:\n0   chromedriver                        0x000000010246ff48 chromedriver + 4226888\n1   chromedriver                        0x00000001024684f4 chromedriver + 4195572\n2   chromedriver                        0x00000001020acd68 chromedriver + 281960\n3   chromedriver                        0x00000001020e7fc8 chromedriver + 524232\n4   chromedriver                        0x000000010211ec58 chromedriver + 748632\n5   chromedriver                        0x00000001020dbf1c chromedriver + 474908\n6   chromedriver                        0x00000001020dcef4 chromedriver + 478964\n7   chromedriver                        0x000000010243159c chromedriver + 3970460\n8   chromedriver                        0x00000001024356f0 chromedriver + 3987184\n9   chromedriver                        0x000000010243b5b4 chromedriver + 4011444\n10  chromedriver                        0x00000001024362fc chromedriver + 3990268\n11  chromedriver                        0x000000010240e1c0 chromedriver + 3826112\n12  chromedriver                        0x0000000102452088 chromedriver + 4104328\n13  chromedriver                        0x00000001024521e0 chromedriver + 4104672\n14  chromedriver                        0x0000000102461f28 chromedriver + 4169512\n15  libsystem_pthread.dylib             0x00000001890e7fa8 _pthread_start + 148\n16  libsystem_pthread.dylib             0x00000001890e2da0 thread_start + 8\n\n","time":{"start":1688917243507,"stop":1688917273653,"duration":30146}},{"uid":"a88946b88966a543","status":"broken","statusDetails":"selenium.common.exceptions.NoSuchElementException: Message: no such element: Unable to locate element: {\"method\":\"xpath\",\"selector\":\"//h1[contains(., 'Dashboard')]\"}\n  (Session info: chrome=114.0.5735.198); For documentation on this error, please visit: https://www.selenium.dev/documentation/webdriver/troubleshooting/errors#no-such-element-exception\nStacktrace:\n0   chromedriver                        0x0000000100e2ff48 chromedriver + 4226888\n1   chromedriver                        0x0000000100e284f4 chromedriver + 4195572\n2   chromedriver                        0x0000000100a6cd68 chromedriver + 281960\n3   chromedriver                        0x0000000100aa7fc8 chromedriver + 524232\n4   chromedriver                        0x0000000100adec58 chromedriver + 748632\n5   chromedriver                        0x0000000100a9bf1c chromedriver + 474908\n6   chromedriver                        0x0000000100a9cef4 chromedriver + 478964\n7   chromedriver                        0x0000000100df159c chromedriver + 3970460\n8   chromedriver                        0x0000000100df56f0 chromedriver + 3987184\n9   chromedriver                        0x0000000100dfb5b4 chromedriver + 4011444\n10  chromedriver                        0x0000000100df62fc chromedriver + 3990268\n11  chromedriver                        0x0000000100dce1c0 chromedriver + 3826112\n12  chromedriver                        0x0000000100e12088 chromedriver + 4104328\n13  chromedriver                        0x0000000100e121e0 chromedriver + 4104672\n14  chromedriver                        0x0000000100e21f28 chromedriver + 4169512\n15  libsystem_pthread.dylib             0x00000001890e7fa8 _pthread_start + 148\n16  libsystem_pthread.dylib             0x00000001890e2da0 thread_start + 8\n\n","time":{"start":1688916815741,"stop":1688916845894,"duration":30153}},{"uid":"22466af02b9f8513","status":"broken","statusDetails":"AttributeError: 'WebElement' object has no attribute 'keys'\n","time":{"start":1688916665529,"stop":1688916670547,"duration":5018}},{"uid":"3f56dc2ad3498797","status":"broken","statusDetails":"AttributeError: 'WebElement' object has no attribute 'keys'\n","time":{"start":1688916601796,"stop":1688916606816,"duration":5020}},{"uid":"fa3b34247f198a5e","status":"broken","statusDetails":"AttributeError: 'WebElement' object has no attribute 'keys'\n","time":{"start":1688916535583,"stop":1688916540601,"duration":5018}},{"uid":"b73485412ff1fb6","status":"broken","statusDetails":"AttributeError: 'WebElement' object has no attribute 'keys'\n","time":{"start":1688916465981,"stop":1688916471001,"duration":5020}},{"uid":"a3e5d712d59a64f7","status":"broken","statusDetails":"AttributeError: 'WebElement' object has no attribute 'keys'\n","time":{"start":1688916235398,"stop":1688916240417,"duration":5019}},{"uid":"62ebe77a0cc67140","status":"broken","statusDetails":"AttributeError: 'WebElement' object has no attribute 'keys'\n","time":{"start":1688916124456,"stop":1688916129476,"duration":5020}},{"uid":"70cf2e9a810e0e6e","status":"broken","statusDetails":"selenium.common.exceptions.NoSuchElementException: Message: no such element: Unable to locate element: {\"method\":\"xpath\",\"selector\":\"//h1[contains(., 'Dashboard')]\"}\n  (Session info: chrome=114.0.5735.198); For documentation on this error, please visit: https://www.selenium.dev/documentation/webdriver/troubleshooting/errors#no-such-element-exception\nStacktrace:\n0   chromedriver                        0x0000000102973f48 chromedriver + 4226888\n1   chromedriver                        0x000000010296c4f4 chromedriver + 4195572\n2   chromedriver                        0x00000001025b0d68 chromedriver + 281960\n3   chromedriver                        0x00000001025ebfc8 chromedriver + 524232\n4   chromedriver                        0x0000000102622c58 chromedriver + 748632\n5   chromedriver                        0x00000001025dff1c chromedriver + 474908\n6   chromedriver                        0x00000001025e0ef4 chromedriver + 478964\n7   chromedriver                        0x000000010293559c chromedriver + 3970460\n8   chromedriver                        0x00000001029396f0 chromedriver + 3987184\n9   chromedriver                        0x000000010293f5b4 chromedriver + 4011444\n10  chromedriver                        0x000000010293a2fc chromedriver + 3990268\n11  chromedriver                        0x00000001029121c0 chromedriver + 3826112\n12  chromedriver                        0x0000000102956088 chromedriver + 4104328\n13  chromedriver                        0x00000001029561e0 chromedriver + 4104672\n14  chromedriver                        0x0000000102965f28 chromedriver + 4169512\n15  libsystem_pthread.dylib             0x00000001890e7fa8 _pthread_start + 148\n16  libsystem_pthread.dylib             0x00000001890e2da0 thread_start + 8\n\n","time":{"start":1688906192659,"stop":1688906222788,"duration":30129}},{"uid":"ea9376a723b50f5a","status":"broken","statusDetails":"\nYou can implement step definitions for undefined steps with these snippets:\n\n@given(u'user enters \"gvigne22@ford.com\" and \"Ford@2022\"')\ndef step_impl(context):\n    raise NotImplementedError(u'STEP: Given user enters \"gvigne22@ford.com\" and \"Ford@2022\"')\n\n","time":{"start":1688906062600,"stop":1688906062600,"duration":0}}],"categories":[],"tags":["outline"]},"source":"bb37c96302ad127b.json","parameterValues":["Ford@2022","gvigne22@ford.com"]}