{"uid":"fd674eb0d39d2df5","name":"Check Login with different Credentials -- @1.1 Credentials","fullName":"Check different Login combinations: Check Login with different Credentials","historyId":"f4fc46a2e50651db516bc2517c1898d8","time":{"start":1688920111095,"stop":1688920131887,"duration":20792},"status":"passed","flaky":false,"newFailed":false,"newBroken":false,"newPassed":false,"retriesCount":21,"retriesStatusChange":true,"beforeStages":[],"testStage":{"status":"passed","steps":[{"name":"When user enters \"gvigne22@ford.com\" and \"Ford@2023!\"","time":{"start":1688920111095,"stop":1688920126861,"duration":15766},"status":"passed","steps":[{"name":"Log (INFO) Email field is located","time":{"start":1688920116620,"stop":1688920116620,"duration":0},"status":"passed","steps":[],"attachments":[],"parameters":[],"hasContent":false,"stepsCount":0,"attachmentsCount":0,"shouldDisplayMessage":false},{"name":"Log (INFO) Password field is located","time":{"start":1688920116674,"stop":1688920116674,"duration":0},"status":"passed","steps":[],"attachments":[],"parameters":[],"hasContent":false,"stepsCount":0,"attachmentsCount":0,"shouldDisplayMessage":false},{"name":"Log (INFO) <selenium.webdriver.remote.webelement.WebElement (session=\"f0465007cb5e85770f41de5d0ffa9dcd\", element=\"09A0D886521D3C7BA55EDED5C3470D3E_element_3\")>","time":{"start":1688920116677,"stop":1688920116677,"duration":0},"status":"passed","steps":[],"attachments":[],"parameters":[],"hasContent":false,"stepsCount":0,"attachmentsCount":0,"shouldDisplayMessage":false},{"name":"Log (INFO) The text obtained is ","time":{"start":1688920116684,"stop":1688920116684,"duration":0},"status":"passed","steps":[],"attachments":[],"parameters":[],"hasContent":false,"stepsCount":0,"attachmentsCount":0,"shouldDisplayMessage":false},{"name":"Log (INFO) ","time":{"start":1688920116687,"stop":1688920116688,"duration":1},"status":"passed","steps":[],"attachments":[],"parameters":[],"hasContent":false,"stepsCount":0,"attachmentsCount":0,"shouldDisplayMessage":false},{"name":"Log (INFO) Entered text is gvigne22@ford.com in locator: <selenium.webdriver.remote.webelement.WebElement (session=\"f0465007cb5e85770f41de5d0ffa9dcd\", element=\"09A0D886521D3C7BA55EDED5C3470D3E_element_3\")>","time":{"start":1688920116688,"stop":1688920116688,"duration":0},"status":"passed","steps":[],"attachments":[],"parameters":[],"hasContent":false,"stepsCount":0,"attachmentsCount":0,"shouldDisplayMessage":false},{"name":"Log (INFO) <selenium.webdriver.remote.webelement.WebElement (session=\"f0465007cb5e85770f41de5d0ffa9dcd\", element=\"09A0D886521D3C7BA55EDED5C3470D3E_element_4\")>","time":{"start":1688920121786,"stop":1688920121786,"duration":0},"status":"passed","steps":[],"attachments":[],"parameters":[],"hasContent":false,"stepsCount":0,"attachmentsCount":0,"shouldDisplayMessage":false},{"name":"Log (INFO) The text obtained is ","time":{"start":1688920121790,"stop":1688920121790,"duration":0},"status":"passed","steps":[],"attachments":[],"parameters":[],"hasContent":false,"stepsCount":0,"attachmentsCount":0,"shouldDisplayMessage":false},{"name":"Log (INFO) ","time":{"start":1688920121794,"stop":1688920121794,"duration":0},"status":"passed","steps":[],"attachments":[],"parameters":[],"hasContent":false,"stepsCount":0,"attachmentsCount":0,"shouldDisplayMessage":false},{"name":"Log (INFO) Entered text is Ford@2023! in locator: <selenium.webdriver.remote.webelement.WebElement (session=\"f0465007cb5e85770f41de5d0ffa9dcd\", element=\"09A0D886521D3C7BA55EDED5C3470D3E_element_4\")>","time":{"start":1688920121794,"stop":1688920121794,"duration":0},"status":"passed","steps":[],"attachments":[],"parameters":[],"hasContent":false,"stepsCount":0,"attachmentsCount":0,"shouldDisplayMessage":false},{"name":"Log (INFO) Submit button clicked","time":{"start":1688920126836,"stop":1688920126836,"duration":0},"status":"passed","steps":[],"attachments":[],"parameters":[],"hasContent":false,"stepsCount":0,"attachmentsCount":0,"shouldDisplayMessage":false}],"attachments":[],"parameters":[],"hasContent":true,"stepsCount":11,"attachmentsCount":0,"shouldDisplayMessage":false},{"name":"Then login activities should take place","time":{"start":1688920126862,"stop":1688920131887,"duration":5025},"status":"passed","steps":[{"name":"Log (INFO) <selenium.webdriver.remote.webelement.WebElement (session=\"f0465007cb5e85770f41de5d0ffa9dcd\", element=\"09A0D886521D3C7BA55EDED5C3470D3E_element_28\")>","time":{"start":1688920131878,"stop":1688920131878,"duration":0},"status":"passed","steps":[],"attachments":[],"parameters":[],"hasContent":false,"stepsCount":0,"attachmentsCount":0,"shouldDisplayMessage":false},{"name":"Log (INFO) The text obtained is Your password is incorrect","time":{"start":1688920131883,"stop":1688920131883,"duration":0},"status":"passed","steps":[],"attachments":[],"parameters":[],"hasContent":false,"stepsCount":0,"attachmentsCount":0,"shouldDisplayMessage":false},{"name":"Log (INFO) Your password is incorrect","time":{"start":1688920131887,"stop":1688920131887,"duration":0},"status":"passed","steps":[],"attachments":[],"parameters":[],"hasContent":false,"stepsCount":0,"attachmentsCount":0,"shouldDisplayMessage":false}],"attachments":[],"parameters":[],"hasContent":true,"stepsCount":3,"attachmentsCount":0,"shouldDisplayMessage":false}],"attachments":[],"parameters":[],"hasContent":true,"stepsCount":16,"attachmentsCount":0,"shouldDisplayMessage":false},"afterStages":[],"labels":[{"name":"severity","value":"normal"},{"name":"tag","value":"outline"},{"name":"feature","value":"Check different Login combinations"},{"name":"framework","value":"behave"},{"name":"language","value":"cpython3"},{"name":"resultFormat","value":"allure2"}],"parameters":[{"name":"password","value":"Ford@2023!"},{"name":"username","value":"gvigne22@ford.com"}],"links":[],"hidden":false,"retry":false,"extra":{"severity":"normal","retries":[{"uid":"27c7d737c6486613","status":"broken","statusDetails":"selenium.common.exceptions.NoSuchElementException: Message: no such element: Unable to locate element: {\"method\":\"xpath\",\"selector\":\"//input[@type='email']\"}\n  (Session info: chrome=114.0.5735.198); For documentation on this error, please visit: https://www.selenium.dev/documentation/webdriver/troubleshooting/errors#no-such-element-exception\nStacktrace:\n0   chromedriver                        0x0000000100707f48 chromedriver + 4226888\n1   chromedriver                        0x00000001007004f4 chromedriver + 4195572\n2   chromedriver                        0x0000000100344d68 chromedriver + 281960\n3   chromedriver                        0x000000010037ffc8 chromedriver + 524232\n4   chromedriver                        0x00000001003b6c58 chromedriver + 748632\n5   chromedriver                        0x0000000100373f1c chromedriver + 474908\n6   chromedriver                        0x0000000100374ef4 chromedriver + 478964\n7   chromedriver                        0x00000001006c959c chromedriver + 3970460\n8   chromedriver                        0x00000001006cd6f0 chromedriver + 3987184\n9   chromedriver                        0x00000001006d35b4 chromedriver + 4011444\n10  chromedriver                        0x00000001006ce2fc chromedriver + 3990268\n11  chromedriver                        0x00000001006a61c0 chromedriver + 3826112\n12  chromedriver                        0x00000001006ea088 chromedriver + 4104328\n13  chromedriver                        0x00000001006ea1e0 chromedriver + 4104672\n14  chromedriver                        0x00000001006f9f28 chromedriver + 4169512\n15  libsystem_pthread.dylib             0x00000001890e7fa8 _pthread_start + 148\n16  libsystem_pthread.dylib             0x00000001890e2da0 thread_start + 8\n\n","time":{"start":1688920073329,"stop":1688920078922,"duration":5593}},{"uid":"ccb358ee2b787a88","status":"passed","time":{"start":1688919907096,"stop":1688919927341,"duration":20245}},{"uid":"73fa51826612d7a2","status":"passed","time":{"start":1688919830309,"stop":1688919860543,"duration":30234}},{"uid":"fb642d9095eaad00","status":"broken","statusDetails":"selenium.common.exceptions.NoSuchElementException: Message: no such element: Unable to locate element: {\"method\":\"xpath\",\"selector\":\"//h1[contains(., 'Dashboard')]\"}\n  (Session info: chrome=114.0.5735.198); For documentation on this error, please visit: https://www.selenium.dev/documentation/webdriver/troubleshooting/errors#no-such-element-exception\nStacktrace:\n0   chromedriver                        0x00000001029ebf48 chromedriver + 4226888\n1   chromedriver                        0x00000001029e44f4 chromedriver + 4195572\n2   chromedriver                        0x0000000102628d68 chromedriver + 281960\n3   chromedriver                        0x0000000102663fc8 chromedriver + 524232\n4   chromedriver                        0x000000010269ac58 chromedriver + 748632\n5   chromedriver                        0x0000000102657f1c chromedriver + 474908\n6   chromedriver                        0x0000000102658ef4 chromedriver + 478964\n7   chromedriver                        0x00000001029ad59c chromedriver + 3970460\n8   chromedriver                        0x00000001029b16f0 chromedriver + 3987184\n9   chromedriver                        0x00000001029b75b4 chromedriver + 4011444\n10  chromedriver                        0x00000001029b22fc chromedriver + 3990268\n11  chromedriver                        0x000000010298a1c0 chromedriver + 3826112\n12  chromedriver                        0x00000001029ce088 chromedriver + 4104328\n13  chromedriver                        0x00000001029ce1e0 chromedriver + 4104672\n14  chromedriver                        0x00000001029ddf28 chromedriver + 4169512\n15  libsystem_pthread.dylib             0x00000001890e7fa8 _pthread_start + 148\n16  libsystem_pthread.dylib             0x00000001890e2da0 thread_start + 8\n\n","time":{"start":1688919753546,"stop":1688919783792,"duration":30246}},{"uid":"31572a49d1bce5c1","status":"broken","statusDetails":"selenium.common.exceptions.NoSuchElementException: Message: no such element: Unable to locate element: {\"method\":\"xpath\",\"selector\":\"//h1[contains(., 'Dashboard')]\"}\n  (Session info: chrome=114.0.5735.198); For documentation on this error, please visit: https://www.selenium.dev/documentation/webdriver/troubleshooting/errors#no-such-element-exception\nStacktrace:\n0   chromedriver                        0x0000000102613f48 chromedriver + 4226888\n1   chromedriver                        0x000000010260c4f4 chromedriver + 4195572\n2   chromedriver                        0x0000000102250d68 chromedriver + 281960\n3   chromedriver                        0x000000010228bfc8 chromedriver + 524232\n4   chromedriver                        0x00000001022c2c58 chromedriver + 748632\n5   chromedriver                        0x000000010227ff1c chromedriver + 474908\n6   chromedriver                        0x0000000102280ef4 chromedriver + 478964\n7   chromedriver                        0x00000001025d559c chromedriver + 3970460\n8   chromedriver                        0x00000001025d96f0 chromedriver + 3987184\n9   chromedriver                        0x00000001025df5b4 chromedriver + 4011444\n10  chromedriver                        0x00000001025da2fc chromedriver + 3990268\n11  chromedriver                        0x00000001025b21c0 chromedriver + 3826112\n12  chromedriver                        0x00000001025f6088 chromedriver + 4104328\n13  chromedriver                        0x00000001025f61e0 chromedriver + 4104672\n14  chromedriver                        0x0000000102605f28 chromedriver + 4169512\n15  libsystem_pthread.dylib             0x00000001890e7fa8 _pthread_start + 148\n16  libsystem_pthread.dylib             0x00000001890e2da0 thread_start + 8\n\n","time":{"start":1688919634475,"stop":1688919664703,"duration":30228}},{"uid":"7e983efa5dfe993c","status":"broken","statusDetails":"selenium.common.exceptions.NoSuchElementException: Message: no such element: Unable to locate element: {\"method\":\"xpath\",\"selector\":\"//h1[contains(., 'Dashboard')]\"}\n  (Session info: chrome=114.0.5735.198); For documentation on this error, please visit: https://www.selenium.dev/documentation/webdriver/troubleshooting/errors#no-such-element-exception\nStacktrace:\n0   chromedriver                        0x000000010326ff48 chromedriver + 4226888\n1   chromedriver                        0x00000001032684f4 chromedriver + 4195572\n2   chromedriver                        0x0000000102eacd68 chromedriver + 281960\n3   chromedriver                        0x0000000102ee7fc8 chromedriver + 524232\n4   chromedriver                        0x0000000102f1ec58 chromedriver + 748632\n5   chromedriver                        0x0000000102edbf1c chromedriver + 474908\n6   chromedriver                        0x0000000102edcef4 chromedriver + 478964\n7   chromedriver                        0x000000010323159c chromedriver + 3970460\n8   chromedriver                        0x00000001032356f0 chromedriver + 3987184\n9   chromedriver                        0x000000010323b5b4 chromedriver + 4011444\n10  chromedriver                        0x00000001032362fc chromedriver + 3990268\n11  chromedriver                        0x000000010320e1c0 chromedriver + 3826112\n12  chromedriver                        0x0000000103252088 chromedriver + 4104328\n13  chromedriver                        0x00000001032521e0 chromedriver + 4104672\n14  chromedriver                        0x0000000103261f28 chromedriver + 4169512\n15  libsystem_pthread.dylib             0x00000001890e7fa8 _pthread_start + 148\n16  libsystem_pthread.dylib             0x00000001890e2da0 thread_start + 8\n\n","time":{"start":1688919577953,"stop":1688919608198,"duration":30245}},{"uid":"77f12266913bd5df","status":"broken","statusDetails":"selenium.common.exceptions.NoSuchElementException: Message: no such element: Unable to locate element: {\"method\":\"xpath\",\"selector\":\"//h1[contains(., 'Dashboard')]\"}\n  (Session info: chrome=114.0.5735.198); For documentation on this error, please visit: https://www.selenium.dev/documentation/webdriver/troubleshooting/errors#no-such-element-exception\nStacktrace:\n0   chromedriver                        0x00000001012f3f48 chromedriver + 4226888\n1   chromedriver                        0x00000001012ec4f4 chromedriver + 4195572\n2   chromedriver                        0x0000000100f30d68 chromedriver + 281960\n3   chromedriver                        0x0000000100f6bfc8 chromedriver + 524232\n4   chromedriver                        0x0000000100fa2c58 chromedriver + 748632\n5   chromedriver                        0x0000000100f5ff1c chromedriver + 474908\n6   chromedriver                        0x0000000100f60ef4 chromedriver + 478964\n7   chromedriver                        0x00000001012b559c chromedriver + 3970460\n8   chromedriver                        0x00000001012b96f0 chromedriver + 3987184\n9   chromedriver                        0x00000001012bf5b4 chromedriver + 4011444\n10  chromedriver                        0x00000001012ba2fc chromedriver + 3990268\n11  chromedriver                        0x00000001012921c0 chromedriver + 3826112\n12  chromedriver                        0x00000001012d6088 chromedriver + 4104328\n13  chromedriver                        0x00000001012d61e0 chromedriver + 4104672\n14  chromedriver                        0x00000001012e5f28 chromedriver + 4169512\n15  libsystem_pthread.dylib             0x00000001890e7fa8 _pthread_start + 148\n16  libsystem_pthread.dylib             0x00000001890e2da0 thread_start + 8\n\n","time":{"start":1688919403152,"stop":1688919433367,"duration":30215}},{"uid":"2c7702d9415536e9","status":"broken","statusDetails":"selenium.common.exceptions.NoSuchElementException: Message: no such element: Unable to locate element: {\"method\":\"xpath\",\"selector\":\"//h1[contains(., 'Dashboard')]\"}\n  (Session info: chrome=114.0.5735.198); For documentation on this error, please visit: https://www.selenium.dev/documentation/webdriver/troubleshooting/errors#no-such-element-exception\nStacktrace:\n0   chromedriver                        0x00000001025abf48 chromedriver + 4226888\n1   chromedriver                        0x00000001025a44f4 chromedriver + 4195572\n2   chromedriver                        0x00000001021e8d68 chromedriver + 281960\n3   chromedriver                        0x0000000102223fc8 chromedriver + 524232\n4   chromedriver                        0x000000010225ac58 chromedriver + 748632\n5   chromedriver                        0x0000000102217f1c chromedriver + 474908\n6   chromedriver                        0x0000000102218ef4 chromedriver + 478964\n7   chromedriver                        0x000000010256d59c chromedriver + 3970460\n8   chromedriver                        0x00000001025716f0 chromedriver + 3987184\n9   chromedriver                        0x00000001025775b4 chromedriver + 4011444\n10  chromedriver                        0x00000001025722fc chromedriver + 3990268\n11  chromedriver                        0x000000010254a1c0 chromedriver + 3826112\n12  chromedriver                        0x000000010258e088 chromedriver + 4104328\n13  chromedriver                        0x000000010258e1e0 chromedriver + 4104672\n14  chromedriver                        0x000000010259df28 chromedriver + 4169512\n15  libsystem_pthread.dylib             0x00000001890e7fa8 _pthread_start + 148\n16  libsystem_pthread.dylib             0x00000001890e2da0 thread_start + 8\n\n","time":{"start":1688919323734,"stop":1688919353967,"duration":30233}},{"uid":"7fdbb89a55b099fd","status":"broken","statusDetails":"selenium.common.exceptions.NoSuchElementException: Message: no such element: Unable to locate element: {\"method\":\"xpath\",\"selector\":\"//h1[contains(., 'Dashboard')]\"}\n  (Session info: chrome=114.0.5735.198); For documentation on this error, please visit: https://www.selenium.dev/documentation/webdriver/troubleshooting/errors#no-such-element-exception\nStacktrace:\n0   chromedriver                        0x0000000104efff48 chromedriver + 4226888\n1   chromedriver                        0x0000000104ef84f4 chromedriver + 4195572\n2   chromedriver                        0x0000000104b3cd68 chromedriver + 281960\n3   chromedriver                        0x0000000104b77fc8 chromedriver + 524232\n4   chromedriver                        0x0000000104baec58 chromedriver + 748632\n5   chromedriver                        0x0000000104b6bf1c chromedriver + 474908\n6   chromedriver                        0x0000000104b6cef4 chromedriver + 478964\n7   chromedriver                        0x0000000104ec159c chromedriver + 3970460\n8   chromedriver                        0x0000000104ec56f0 chromedriver + 3987184\n9   chromedriver                        0x0000000104ecb5b4 chromedriver + 4011444\n10  chromedriver                        0x0000000104ec62fc chromedriver + 3990268\n11  chromedriver                        0x0000000104e9e1c0 chromedriver + 3826112\n12  chromedriver                        0x0000000104ee2088 chromedriver + 4104328\n13  chromedriver                        0x0000000104ee21e0 chromedriver + 4104672\n14  chromedriver                        0x0000000104ef1f28 chromedriver + 4169512\n15  libsystem_pthread.dylib             0x00000001890e7fa8 _pthread_start + 148\n16  libsystem_pthread.dylib             0x00000001890e2da0 thread_start + 8\n\n","time":{"start":1688919077999,"stop":1688919108278,"duration":30279}},{"uid":"5701fa960c5f8f20","status":"passed","time":{"start":1688918964448,"stop":1688918994688,"duration":30240}},{"uid":"fc8a37ec51e0b9f1","status":"broken","statusDetails":"selenium.common.exceptions.NoSuchElementException: Message: no such element: Unable to locate element: {\"method\":\"xpath\",\"selector\":\"//h1[contains(., 'Dashboard')]\"}\n  (Session info: chrome=114.0.5735.198); For documentation on this error, please visit: https://www.selenium.dev/documentation/webdriver/troubleshooting/errors#no-such-element-exception\nStacktrace:\n0   chromedriver                        0x00000001044bbf48 chromedriver + 4226888\n1   chromedriver                        0x00000001044b44f4 chromedriver + 4195572\n2   chromedriver                        0x00000001040f8d68 chromedriver + 281960\n3   chromedriver                        0x0000000104133fc8 chromedriver + 524232\n4   chromedriver                        0x000000010416ac58 chromedriver + 748632\n5   chromedriver                        0x0000000104127f1c chromedriver + 474908\n6   chromedriver                        0x0000000104128ef4 chromedriver + 478964\n7   chromedriver                        0x000000010447d59c chromedriver + 3970460\n8   chromedriver                        0x00000001044816f0 chromedriver + 3987184\n9   chromedriver                        0x00000001044875b4 chromedriver + 4011444\n10  chromedriver                        0x00000001044822fc chromedriver + 3990268\n11  chromedriver                        0x000000010445a1c0 chromedriver + 3826112\n12  chromedriver                        0x000000010449e088 chromedriver + 4104328\n13  chromedriver                        0x000000010449e1e0 chromedriver + 4104672\n14  chromedriver                        0x00000001044adf28 chromedriver + 4169512\n15  libsystem_pthread.dylib             0x00000001890e7fa8 _pthread_start + 148\n16  libsystem_pthread.dylib             0x00000001890e2da0 thread_start + 8\n\n","time":{"start":1688918749527,"stop":1688918779810,"duration":30283}},{"uid":"cf922f6b288fdd91","status":"broken","statusDetails":"selenium.common.exceptions.NoSuchElementException: Message: no such element: Unable to locate element: {\"method\":\"xpath\",\"selector\":\"//h1[contains(., 'Dashboard')]\"}\n  (Session info: chrome=114.0.5735.198); For documentation on this error, please visit: https://www.selenium.dev/documentation/webdriver/troubleshooting/errors#no-such-element-exception\nStacktrace:\n0   chromedriver                        0x000000010246ff48 chromedriver + 4226888\n1   chromedriver                        0x00000001024684f4 chromedriver + 4195572\n2   chromedriver                        0x00000001020acd68 chromedriver + 281960\n3   chromedriver                        0x00000001020e7fc8 chromedriver + 524232\n4   chromedriver                        0x000000010211ec58 chromedriver + 748632\n5   chromedriver                        0x00000001020dbf1c chromedriver + 474908\n6   chromedriver                        0x00000001020dcef4 chromedriver + 478964\n7   chromedriver                        0x000000010243159c chromedriver + 3970460\n8   chromedriver                        0x00000001024356f0 chromedriver + 3987184\n9   chromedriver                        0x000000010243b5b4 chromedriver + 4011444\n10  chromedriver                        0x00000001024362fc chromedriver + 3990268\n11  chromedriver                        0x000000010240e1c0 chromedriver + 3826112\n12  chromedriver                        0x0000000102452088 chromedriver + 4104328\n13  chromedriver                        0x00000001024521e0 chromedriver + 4104672\n14  chromedriver                        0x0000000102461f28 chromedriver + 4169512\n15  libsystem_pthread.dylib             0x00000001890e7fa8 _pthread_start + 148\n16  libsystem_pthread.dylib             0x00000001890e2da0 thread_start + 8\n\n","time":{"start":1688917213233,"stop":1688917243505,"duration":30272}},{"uid":"77f1b2675245f0c6","status":"broken","statusDetails":"selenium.common.exceptions.NoSuchElementException: Message: no such element: Unable to locate element: {\"method\":\"xpath\",\"selector\":\"//h1[contains(., 'Dashboard')]\"}\n  (Session info: chrome=114.0.5735.198); For documentation on this error, please visit: https://www.selenium.dev/documentation/webdriver/troubleshooting/errors#no-such-element-exception\nStacktrace:\n0   chromedriver                        0x0000000100e2ff48 chromedriver + 4226888\n1   chromedriver                        0x0000000100e284f4 chromedriver + 4195572\n2   chromedriver                        0x0000000100a6cd68 chromedriver + 281960\n3   chromedriver                        0x0000000100aa7fc8 chromedriver + 524232\n4   chromedriver                        0x0000000100adec58 chromedriver + 748632\n5   chromedriver                        0x0000000100a9bf1c chromedriver + 474908\n6   chromedriver                        0x0000000100a9cef4 chromedriver + 478964\n7   chromedriver                        0x0000000100df159c chromedriver + 3970460\n8   chromedriver                        0x0000000100df56f0 chromedriver + 3987184\n9   chromedriver                        0x0000000100dfb5b4 chromedriver + 4011444\n10  chromedriver                        0x0000000100df62fc chromedriver + 3990268\n11  chromedriver                        0x0000000100dce1c0 chromedriver + 3826112\n12  chromedriver                        0x0000000100e12088 chromedriver + 4104328\n13  chromedriver                        0x0000000100e121e0 chromedriver + 4104672\n14  chromedriver                        0x0000000100e21f28 chromedriver + 4169512\n15  libsystem_pthread.dylib             0x00000001890e7fa8 _pthread_start + 148\n16  libsystem_pthread.dylib             0x00000001890e2da0 thread_start + 8\n\n","time":{"start":1688916785491,"stop":1688916815741,"duration":30250}},{"uid":"abce4be55bc527ba","status":"broken","statusDetails":"AttributeError: 'WebElement' object has no attribute 'keys'\n","time":{"start":1688916660501,"stop":1688916665529,"duration":5028}},{"uid":"5233d47efd9c9ce1","status":"broken","statusDetails":"AttributeError: 'WebElement' object has no attribute 'keys'\n","time":{"start":1688916596769,"stop":1688916601796,"duration":5027}},{"uid":"c0a9e698e41c2d14","status":"broken","statusDetails":"AttributeError: 'WebElement' object has no attribute 'keys'\n","time":{"start":1688916530555,"stop":1688916535582,"duration":5027}},{"uid":"24b673deec71645b","status":"broken","statusDetails":"AttributeError: 'WebElement' object has no attribute 'keys'\n","time":{"start":1688916460952,"stop":1688916465981,"duration":5029}},{"uid":"1d6f832fb1426c58","status":"broken","statusDetails":"AttributeError: 'WebElement' object has no attribute 'keys'\n","time":{"start":1688916230361,"stop":1688916235397,"duration":5036}},{"uid":"84e73c10ad98384c","status":"broken","statusDetails":"AttributeError: 'WebElement' object has no attribute 'keys'\n","time":{"start":1688916119414,"stop":1688916124455,"duration":5041}},{"uid":"7fcf310411830f1e","status":"broken","statusDetails":"selenium.common.exceptions.NoSuchElementException: Message: no such element: Unable to locate element: {\"method\":\"xpath\",\"selector\":\"//h1[contains(., 'Dashboard')]\"}\n  (Session info: chrome=114.0.5735.198); For documentation on this error, please visit: https://www.selenium.dev/documentation/webdriver/troubleshooting/errors#no-such-element-exception\nStacktrace:\n0   chromedriver                        0x0000000102973f48 chromedriver + 4226888\n1   chromedriver                        0x000000010296c4f4 chromedriver + 4195572\n2   chromedriver                        0x00000001025b0d68 chromedriver + 281960\n3   chromedriver                        0x00000001025ebfc8 chromedriver + 524232\n4   chromedriver                        0x0000000102622c58 chromedriver + 748632\n5   chromedriver                        0x00000001025dff1c chromedriver + 474908\n6   chromedriver                        0x00000001025e0ef4 chromedriver + 478964\n7   chromedriver                        0x000000010293559c chromedriver + 3970460\n8   chromedriver                        0x00000001029396f0 chromedriver + 3987184\n9   chromedriver                        0x000000010293f5b4 chromedriver + 4011444\n10  chromedriver                        0x000000010293a2fc chromedriver + 3990268\n11  chromedriver                        0x00000001029121c0 chromedriver + 3826112\n12  chromedriver                        0x0000000102956088 chromedriver + 4104328\n13  chromedriver                        0x00000001029561e0 chromedriver + 4104672\n14  chromedriver                        0x0000000102965f28 chromedriver + 4169512\n15  libsystem_pthread.dylib             0x00000001890e7fa8 _pthread_start + 148\n16  libsystem_pthread.dylib             0x00000001890e2da0 thread_start + 8\n\n","time":{"start":1688906162396,"stop":1688906192658,"duration":30262}},{"uid":"4dc3d3286126314","status":"broken","statusDetails":"\nYou can implement step definitions for undefined steps with these snippets:\n\n@given(u'user enters \"gvigne22@ford.com\" and \"Ford@2023!\"')\ndef step_impl(context):\n    raise NotImplementedError(u'STEP: Given user enters \"gvigne22@ford.com\" and \"Ford@2023!\"')\n\n","time":{"start":1688906062599,"stop":1688906062599,"duration":0}}],"categories":[],"tags":["outline"]},"source":"fd674eb0d39d2df5.json","parameterValues":["Ford@2023!","gvigne22@ford.com"]}